# HV LOG FORMAT RELEASE 1.0
#
# BEGIN COMMAND LINE ARGUMENTS
#
C:/Users/Andrea/Desktop/GEOPSY_3.5.2/bin/geopsy-hv.exe -spectrum -param params.param L1_07conv.SAF $*
exit $?
#
# END COMMAND LINE ARGUMENTS
#
#
# BEGIN SOFTWARE VERSION
#
  Qt                  6.5.2
  QGpCoreTools        2.5.0 from 3.5.2
      (commit 8e7f9523665497a6e0787d4f623634cee8957aff)
  QGpCoreMath         1.5.2 from 3.5.2
      (commit 45a832cd27865662e9e0c63081f3a1d32999f668)
  GeopsyCore          4.5.1 from 3.5.2
      (commit e32288e5b456ea5f2c7ed80d7f3238414692b3e4)
  HVCore              1.2.0 from 3.5.2
      (commit 4ca5ee46175a87a9a7fa60bd11d602b9920c875e)
  geopsy-hv           1.0.2 from 3.5.2
      (commit 1c6db35d778dc93b3d0543e786c7386135e2ad35)
#
# END SOFTWARE VERSION
#
#
# BEGIN SIGNAL LIST
#
[COMP 0]
 [SIG 0] C:/Users/Andrea/Desktop/GEOPSY_3.5.2/bin/L1_07conv.SAF at index 0
#
# END SIGNAL LIST
#
#
# BEGIN PARAMETERS
#
# Version 0: all files generated with releases before 20170901 (default for input)
PARAMETERS_VERSION=1
# TYPEs:
#   - Signal: from the start or to the end of signal (TEXT are useless)
#   - Delta: a fixed duration counted from the start or the end (e.g. TEXT=1h).
#   - Pick: from or to a time pick (TEXT=time pick name).
#   - Absolute: from or to a fixed time (e.g. TEXT=20170314115338.00)
FROM_TIME_TYPE=Signal
FROM_TIME_TEXT=0s
# TYPEs: Signal, Delta, Absolute
TO_TIME_TYPE=Signal
TO_TIME_TEXT=0s
REFERENCE=
COMMON_TIME_WINDOWS=false
# TYPEs: Exactly, AtLeast, FrequencyDependent
WINDOW_LENGTH_TYPE=Exactly
WINDOW_MIN_LENGTH(s)=30
WINDOW_MAX_LENGTH(s)=30
WINDOW_MAX_COUNT=0
# Length of time windows are adjusted to avoid a prime number of samples which
# slows down the FFT computation. Usually a maximum prime of 11 in the prime factorization
# of the number of samples is a good compromise between the speed and the lenght inaccuracy
# Leave as zero to allow any prime number factorization.
WINDOW_MAXIMUM_PRIME_FACTOR=11
BAD_SAMPLE_TOLERANCE (s)=0
BAD_SAMPLE_GAP (s)=0
WINDOW_OVERLAP (%)=5
# TYPEs: NoSampleThreshold, RelativeSampleThreshold, AbsoluteSampleThreshold
BAD_SAMPLE_THRESHOLD_TYPE=NoSampleThreshold
ANTI-TRIGGERING_ON_RAW_SIGNAL (y/n)=y
USED_RAW_COMPONENTS=y, y, y
RAW_STA (s)=1
RAW_LTA (s)=30
RAW_MIN_SLTA=0.2
RAW_MAX_SLTA=2.5
ANTI-TRIGGERING_ON_FILTERED_SIGNAL (y/n)=n
# Start a time window for each seismic event available inside the time range.
SEISMIC_EVENT_TRIGGER (y/n)=n
SEISMIC_EVENT_DELAY (s)=-0.1
WINDOW_TYPE=Bartlett
WINDOW_REVERSED=n
SMOOTHING_METHOD=Function
SMOOTHING_WIDTH_TYPE=Log
SMOOTHING_WIDTH=0.2
# Describes the way values are summed: on a linear, log or inverse scale
SMOOTHING_SCALE_TYPE=Log
SMOOTHING_WINDOW_TYPE=KonnoOhmachi
SMOOTHING_WINDOW_REVERSED=n
MINIMUM_FREQUENCY=0.5
MAXIMUM_FREQUENCY=20
# Either 'Linear', 'Log' or 'Inverse'
SCALE_TYPE_FREQUENCY=Log
# Number of samples is either set to a fixed value ('Count') or through a step between samples ('Step')'
STEP_TYPE_FREQUENCY=Step
SAMPLES_NUMBER_FREQUENCY=152
# STEP=difference between two successive samples for 'linear' scales
# STEP=ratio between two successive samples for 'log' scales
# STEP=difference between two successive inverse samples for 'inverse' scales
STEP_FREQUENCY=1.02457
# Required when using short time windows when the number of frequency samples
# is higher than the number of points in the spectra.
OVER_SAMPLING_FACTOR=1
HIGH_PASS_FREQUENCY=0
# Possible values for HORIZONTAL_COMPONENTS: Squared, Energy, Azimuth, Geometric
HORIZONTAL_COMPONENTS=Squared
# HORIZONTAL_AZIMUTH is used only when HORIZONTAL_COMPONENTS==Azimuth
HORIZONTAL_AZIMUTH=0
# Used only for rotated output
ROTATION_STEP=5
# Frequency domain window rejection (Cox et al. (2020, GJI)
FREQUENCY_WINDOW_REJECTION_MINIMUM_FREQUENCY=0.0001
FREQUENCY_WINDOW_REJECTION_MAXIMUM_FREQUENCY=5000
FREQUENCY_WINDOW_REJECTION_STDDEV_FACTOR=2
FREQUENCY_WINDOW_REJECTION_MAXIMUM_ITERATIONS=50
#
# END PARAMETERS
#
#
# BEGIN WINDOWING LOG
#
Automatic windowing
#
# END WINDOWING LOG
#
#
# BEGIN WINDOW LIST
#
# Number= 38
# Start time 	 End Time 	 Window length
20230523091327.000000	20230523091357.000000	30
20230523091355.505000	20230523091425.505000	30
20230523091424.010000	20230523091454.010000	30
20230523091452.515000	20230523091522.515000	30
20230523091521.020000	20230523091551.020000	30
20230523091603.855000	20230523091633.855000	30
20230523091636.925000	20230523091706.925000	30
20230523091757.520000	20230523091827.520000	30
20230523091826.025000	20230523091856.025000	30
20230523091854.530000	20230523091924.530000	30
20230523091923.035000	20230523091953.035000	30
20230523091951.540000	20230523092021.540000	30
20230523092020.045000	20230523092050.045000	30
20230523092048.550000	20230523092118.550000	30
20230523092117.055000	20230523092147.055000	30
20230523092145.560000	20230523092215.560000	30
20230523092214.065000	20230523092244.065000	30
20230523092242.570000	20230523092312.570000	30
20230523092316.945000	20230523092346.945000	30
20230523092345.450000	20230523092415.450000	30
20230523092413.955000	20230523092443.955000	30
20230523092442.460000	20230523092512.460000	30
20230523092510.965000	20230523092540.965000	30
20230523092539.470000	20230523092609.470000	30
20230523092613.760000	20230523092643.760000	30
20230523092642.265000	20230523092712.265000	30
20230523092710.770000	20230523092740.770000	30
20230523092739.275000	20230523092809.275000	30
20230523092807.780000	20230523092837.780000	30
20230523092836.285000	20230523092906.285000	30
20230523092904.790000	20230523092934.790000	30
20230523092933.295000	20230523093003.295000	30
20230523093001.800000	20230523093031.800000	30
20230523093030.305000	20230523093100.305000	30
20230523093058.810000	20230523093128.810000	30
20230523093127.315000	20230523093157.315000	30
20230523093227.125000	20230523093257.125000	30
20230523093255.630000	20230523093325.630000	30
#
# END WINDOW LIST
#
