# HV LOG FORMAT RELEASE 1.0
#
# BEGIN COMMAND LINE ARGUMENTS
#
C:/Users/Andrea/Desktop/GEOPSY_3.5.2/bin/geopsy-hv.exe -spectrum -param params.param L1_07conv.SAF $*
exit $?
#
# END COMMAND LINE ARGUMENTS
#
#
# BEGIN SOFTWARE VERSION
#
  Qt                  6.5.2
  QGpCoreTools        2.5.0 from 3.5.2
      (commit 8e7f9523665497a6e0787d4f623634cee8957aff)
  QGpCoreMath         1.5.2 from 3.5.2
      (commit 45a832cd27865662e9e0c63081f3a1d32999f668)
  GeopsyCore          4.5.1 from 3.5.2
      (commit e32288e5b456ea5f2c7ed80d7f3238414692b3e4)
  HVCore              1.2.0 from 3.5.2
      (commit 4ca5ee46175a87a9a7fa60bd11d602b9920c875e)
  geopsy-hv           1.0.2 from 3.5.2
      (commit 1c6db35d778dc93b3d0543e786c7386135e2ad35)
#
# END SOFTWARE VERSION
#
#
# BEGIN SIGNAL LIST
#
[COMP 0]
 [SIG 0] C:/Users/Andrea/Desktop/GEOPSY_3.5.2/bin/L1_07conv.SAF at index 1
#
# END SIGNAL LIST
#
#
# BEGIN PARAMETERS
#
# Version 0: all files generated with releases before 20170901 (default for input)
PARAMETERS_VERSION=1
# TYPEs:
#   - Signal: from the start or to the end of signal (TEXT are useless)
#   - Delta: a fixed duration counted from the start or the end (e.g. TEXT=1h).
#   - Pick: from or to a time pick (TEXT=time pick name).
#   - Absolute: from or to a fixed time (e.g. TEXT=20170314115338.00)
FROM_TIME_TYPE=Signal
FROM_TIME_TEXT=0s
# TYPEs: Signal, Delta, Absolute
TO_TIME_TYPE=Signal
TO_TIME_TEXT=0s
REFERENCE=
COMMON_TIME_WINDOWS=false
# TYPEs: Exactly, AtLeast, FrequencyDependent
WINDOW_LENGTH_TYPE=Exactly
WINDOW_MIN_LENGTH(s)=30
WINDOW_MAX_LENGTH(s)=30
WINDOW_MAX_COUNT=0
# Length of time windows are adjusted to avoid a prime number of samples which
# slows down the FFT computation. Usually a maximum prime of 11 in the prime factorization
# of the number of samples is a good compromise between the speed and the lenght inaccuracy
# Leave as zero to allow any prime number factorization.
WINDOW_MAXIMUM_PRIME_FACTOR=11
BAD_SAMPLE_TOLERANCE (s)=0
BAD_SAMPLE_GAP (s)=0
WINDOW_OVERLAP (%)=5
# TYPEs: NoSampleThreshold, RelativeSampleThreshold, AbsoluteSampleThreshold
BAD_SAMPLE_THRESHOLD_TYPE=NoSampleThreshold
ANTI-TRIGGERING_ON_RAW_SIGNAL (y/n)=y
USED_RAW_COMPONENTS=y, y, y
RAW_STA (s)=1
RAW_LTA (s)=30
RAW_MIN_SLTA=0.2
RAW_MAX_SLTA=2.5
ANTI-TRIGGERING_ON_FILTERED_SIGNAL (y/n)=n
# Start a time window for each seismic event available inside the time range.
SEISMIC_EVENT_TRIGGER (y/n)=n
SEISMIC_EVENT_DELAY (s)=-0.1
WINDOW_TYPE=Bartlett
WINDOW_REVERSED=n
SMOOTHING_METHOD=Function
SMOOTHING_WIDTH_TYPE=Log
SMOOTHING_WIDTH=0.2
# Describes the way values are summed: on a linear, log or inverse scale
SMOOTHING_SCALE_TYPE=Log
SMOOTHING_WINDOW_TYPE=KonnoOhmachi
SMOOTHING_WINDOW_REVERSED=n
MINIMUM_FREQUENCY=0.5
MAXIMUM_FREQUENCY=20
# Either 'Linear', 'Log' or 'Inverse'
SCALE_TYPE_FREQUENCY=Log
# Number of samples is either set to a fixed value ('Count') or through a step between samples ('Step')'
STEP_TYPE_FREQUENCY=Step
SAMPLES_NUMBER_FREQUENCY=152
# STEP=difference between two successive samples for 'linear' scales
# STEP=ratio between two successive samples for 'log' scales
# STEP=difference between two successive inverse samples for 'inverse' scales
STEP_FREQUENCY=1.02457
# Required when using short time windows when the number of frequency samples
# is higher than the number of points in the spectra.
OVER_SAMPLING_FACTOR=1
HIGH_PASS_FREQUENCY=0
# Possible values for HORIZONTAL_COMPONENTS: Squared, Energy, Azimuth, Geometric
HORIZONTAL_COMPONENTS=Squared
# HORIZONTAL_AZIMUTH is used only when HORIZONTAL_COMPONENTS==Azimuth
HORIZONTAL_AZIMUTH=0
# Used only for rotated output
ROTATION_STEP=5
# Frequency domain window rejection (Cox et al. (2020, GJI)
FREQUENCY_WINDOW_REJECTION_MINIMUM_FREQUENCY=0.0001
FREQUENCY_WINDOW_REJECTION_MAXIMUM_FREQUENCY=5000
FREQUENCY_WINDOW_REJECTION_STDDEV_FACTOR=2
FREQUENCY_WINDOW_REJECTION_MAXIMUM_ITERATIONS=50
#
# END PARAMETERS
#
#
# BEGIN WINDOWING LOG
#
Automatic windowing
#
# END WINDOWING LOG
#
#
# BEGIN WINDOW LIST
#
# Number= 35
# Start time 	 End Time 	 Window length
20230523091327.000000	20230523091357.000000	30
20230523091355.505000	20230523091425.505000	30
20230523091424.010000	20230523091454.010000	30
20230523091452.515000	20230523091522.515000	30
20230523091521.020000	20230523091551.020000	30
20230523091603.875000	20230523091633.875000	30
20230523091632.380000	20230523091702.380000	30
20230523091735.950000	20230523091805.950000	30
20230523091804.455000	20230523091834.455000	30
20230523091851.950000	20230523091921.950000	30
20230523091920.455000	20230523091950.455000	30
20230523091948.960000	20230523092018.960000	30
20230523092017.465000	20230523092047.465000	30
20230523092045.970000	20230523092115.970000	30
20230523092120.440000	20230523092150.440000	30
20230523092148.945000	20230523092218.945000	30
20230523092217.450000	20230523092247.450000	30
20230523092317.110000	20230523092347.110000	30
20230523092345.615000	20230523092415.615000	30
20230523092414.120000	20230523092444.120000	30
20230523092533.630000	20230523092603.630000	30
20230523092613.550000	20230523092643.550000	30
20230523092642.055000	20230523092712.055000	30
20230523092737.595000	20230523092807.595000	30
20230523092806.100000	20230523092836.100000	30
20230523092834.605000	20230523092904.605000	30
20230523092903.110000	20230523092933.110000	30
20230523092931.615000	20230523093001.615000	30
20230523093000.120000	20230523093030.120000	30
20230523093028.625000	20230523093058.625000	30
20230523093057.130000	20230523093127.130000	30
20230523093125.635000	20230523093155.635000	30
20230523093154.140000	20230523093224.140000	30
20230523093222.645000	20230523093252.645000	30
20230523093251.150000	20230523093321.150000	30
#
# END WINDOW LIST
#
