# HV LOG FORMAT RELEASE 1.0
#
# BEGIN COMMAND LINE ARGUMENTS
#
C:/Users/User/Desktop/geopsypack-win64-3.5.1/bin/geopsy-hv.exe -hv -param params.param L1_07conv.SAF $*
exit $?
#
# END COMMAND LINE ARGUMENTS
#
#
# BEGIN SOFTWARE VERSION
#
  Qt                  6.5.2
  QGpCoreTools        2.5.0 from 3.5.1
      (commit 8e7f9523665497a6e0787d4f623634cee8957aff)
  QGpCoreMath         1.5.1 from 3.5.1
      (commit 2115979857c7d2ab0630a8002a30e1a5641fa9a0)
  GeopsyCore          4.5.0 from 3.5.1
      (commit 8a2a1f551bd6312496d87af7adaaa48da47abacb)
  HVCore              1.2.0 from 3.5.1
      (commit 4ca5ee46175a87a9a7fa60bd11d602b9920c875e)
  geopsy-hv           1.0.2 from 3.5.1
      (commit 1c6db35d778dc93b3d0543e786c7386135e2ad35)
#
# END SOFTWARE VERSION
#
#
# BEGIN SIGNAL LIST
#
[COMP 0]
 [SIG 0] C:/Users/User/Desktop/geopsypack-win64-3.5.1/bin/L1_07conv.SAF at index 0
[COMP 1]
 [SIG 0] C:/Users/User/Desktop/geopsypack-win64-3.5.1/bin/L1_07conv.SAF at index 2
[COMP 2]
 [SIG 0] C:/Users/User/Desktop/geopsypack-win64-3.5.1/bin/L1_07conv.SAF at index 1
#
# END SIGNAL LIST
#
#
# BEGIN PARAMETERS
#
# Version 0: all files generated with releases before 20170901 (default for input)
PARAMETERS_VERSION=1
# TYPEs:
#   - Signal: from the start or to the end of signal (TEXT are useless)
#   - Delta: a fixed duration counted from the start or the end (e.g. TEXT=1h).
#   - Pick: from or to a time pick (TEXT=time pick name).
#   - Absolute: from or to a fixed time (e.g. TEXT=20170314115338.00)
FROM_TIME_TYPE=Signal
FROM_TIME_TEXT=0s
# TYPEs: Signal, Delta, Absolute
TO_TIME_TYPE=Signal
TO_TIME_TEXT=0s
REFERENCE=
COMMON_TIME_WINDOWS=true
# TYPEs: Exactly, AtLeast, FrequencyDependent
WINDOW_LENGTH_TYPE=Exactly
WINDOW_MIN_LENGTH(s)=20
WINDOW_MAX_LENGTH(s)=20
WINDOW_MAX_COUNT=0
# Length of time windows are adjusted to avoid a prime number of samples which
# slows down the FFT computation. Usually a maximum prime of 11 in the prime factorization
# of the number of samples is a good compromise between the speed and the lenght inaccuracy
# Leave as zero to allow any prime number factorization.
WINDOW_MAXIMUM_PRIME_FACTOR=11
BAD_SAMPLE_TOLERANCE (s)=0
BAD_SAMPLE_GAP (s)=0
WINDOW_OVERLAP (%)=5
# TYPEs: NoSampleThreshold, RelativeSampleThreshold, AbsoluteSampleThreshold
BAD_SAMPLE_THRESHOLD_TYPE=NoSampleThreshold
ANTI-TRIGGERING_ON_RAW_SIGNAL (y/n)=y
USED_RAW_COMPONENTS=y, y, y
RAW_STA (s)=1
RAW_LTA (s)=30
RAW_MIN_SLTA=0.2
RAW_MAX_SLTA=2.5
ANTI-TRIGGERING_ON_FILTERED_SIGNAL (y/n)=n
# Start a time window for each seismic event available inside the time range.
SEISMIC_EVENT_TRIGGER (y/n)=n
SEISMIC_EVENT_DELAY (s)=-0.1
WINDOW_TYPE=Cosine
WINDOW_REVERSED=n
SMOOTHING_METHOD=Function
SMOOTHING_WIDTH_TYPE=Log
SMOOTHING_WIDTH=0.4
# Describes the way values are summed: on a linear, log or inverse scale
SMOOTHING_SCALE_TYPE=Log
SMOOTHING_WINDOW_TYPE=KonnoOhmachi
SMOOTHING_WINDOW_REVERSED=n
MINIMUM_FREQUENCY=0.5
MAXIMUM_FREQUENCY=20
# Either 'Linear', 'Log' or 'Inverse'
SCALE_TYPE_FREQUENCY=Log
# Number of samples is either set to a fixed value ('Count') or through a step between samples ('Step')'
STEP_TYPE_FREQUENCY=Step
SAMPLES_NUMBER_FREQUENCY=152
# STEP=difference between two successive samples for 'linear' scales
# STEP=ratio between two successive samples for 'log' scales
# STEP=difference between two successive inverse samples for 'inverse' scales
STEP_FREQUENCY=1.02457
# Required when using short time windows when the number of frequency samples
# is higher than the number of points in the spectra.
OVER_SAMPLING_FACTOR=1
HIGH_PASS_FREQUENCY=0.5
# Possible values for HORIZONTAL_COMPONENTS: Squared, Energy, Azimuth, Geometric
HORIZONTAL_COMPONENTS=Geometric
# HORIZONTAL_AZIMUTH is used only when HORIZONTAL_COMPONENTS==Azimuth
HORIZONTAL_AZIMUTH=0
# Used only for rotated output
ROTATION_STEP=5
# Frequency domain window rejection (Cox et al. (2020, GJI)
FREQUENCY_WINDOW_REJECTION_MINIMUM_FREQUENCY=0.0001
FREQUENCY_WINDOW_REJECTION_MAXIMUM_FREQUENCY=5000
FREQUENCY_WINDOW_REJECTION_STDDEV_FACTOR=2
FREQUENCY_WINDOW_REJECTION_MAXIMUM_ITERATIONS=50
#
# END PARAMETERS
#
#
# BEGIN WINDOWING LOG
#
Common automatic windowing
#
# END WINDOWING LOG
#
#
# BEGIN WINDOW LIST
#
# Number= 52
# Start time 	 End Time 	 Window length
20230523091327.000000	20230523091347.000000	20
20230523091346.005000	20230523091406.005000	20
20230523091405.010000	20230523091425.010000	20
20230523091424.015000	20230523091444.015000	20
20230523091443.020000	20230523091503.020000	20
20230523091502.025000	20230523091522.025000	20
20230523091521.030000	20230523091541.030000	20
20230523091604.030000	20230523091624.030000	20
20230523091636.925000	20230523091656.925000	20
20230523091757.520000	20230523091817.520000	20
20230523091816.525000	20230523091836.525000	20
20230523091851.950000	20230523091911.950000	20
20230523091910.955000	20230523091930.955000	20
20230523091929.960000	20230523091949.960000	20
20230523091948.965000	20230523092008.965000	20
20230523092012.250000	20230523092032.250000	20
20230523092031.255000	20230523092051.255000	20
20230523092050.260000	20230523092110.260000	20
20230523092120.440000	20230523092140.440000	20
20230523092139.445000	20230523092159.445000	20
20230523092158.450000	20230523092218.450000	20
20230523092217.455000	20230523092237.455000	20
20230523092236.460000	20230523092256.460000	20
20230523092255.465000	20230523092315.465000	20
20230523092317.110000	20230523092337.110000	20
20230523092336.115000	20230523092356.115000	20
20230523092355.120000	20230523092415.120000	20
20230523092414.125000	20230523092434.125000	20
20230523092433.130000	20230523092453.130000	20
20230523092533.630000	20230523092553.630000	20
20230523092552.635000	20230523092612.635000	20
20230523092613.760000	20230523092633.760000	20
20230523092632.765000	20230523092652.765000	20
20230523092651.770000	20230523092711.770000	20
20230523092715.775000	20230523092735.775000	20
20230523092737.595000	20230523092757.595000	20
20230523092756.600000	20230523092816.600000	20
20230523092815.605000	20230523092835.605000	20
20230523092834.610000	20230523092854.610000	20
20230523092853.615000	20230523092913.615000	20
20230523092930.185000	20230523092950.185000	20
20230523092949.190000	20230523093009.190000	20
20230523093008.195000	20230523093028.195000	20
20230523093027.200000	20230523093047.200000	20
20230523093046.205000	20230523093106.205000	20
20230523093105.210000	20230523093125.210000	20
20230523093124.215000	20230523093144.215000	20
20230523093143.220000	20230523093203.220000	20
20230523093202.225000	20230523093222.225000	20
20230523093227.295000	20230523093247.295000	20
20230523093246.300000	20230523093306.300000	20
20230523093305.305000	20230523093325.305000	20
#
# END WINDOW LIST
#
