# HV LOG FORMAT RELEASE 1.0
#
# BEGIN COMMAND LINE ARGUMENTS
#
C:/Users/Andrea/Desktop/GEOPSY_3.5.2/bin/geopsy-hv.exe -spectrum -param params.param L1_07conv.SAF $*
exit $?
#
# END COMMAND LINE ARGUMENTS
#
#
# BEGIN SOFTWARE VERSION
#
  Qt                  6.5.2
  QGpCoreTools        2.5.0 from 3.5.2
      (commit 8e7f9523665497a6e0787d4f623634cee8957aff)
  QGpCoreMath         1.5.2 from 3.5.2
      (commit 45a832cd27865662e9e0c63081f3a1d32999f668)
  GeopsyCore          4.5.1 from 3.5.2
      (commit e32288e5b456ea5f2c7ed80d7f3238414692b3e4)
  HVCore              1.2.0 from 3.5.2
      (commit 4ca5ee46175a87a9a7fa60bd11d602b9920c875e)
  geopsy-hv           1.0.2 from 3.5.2
      (commit 1c6db35d778dc93b3d0543e786c7386135e2ad35)
#
# END SOFTWARE VERSION
#
#
# BEGIN SIGNAL LIST
#
[COMP 0]
 [SIG 0] C:/Users/Andrea/Desktop/GEOPSY_3.5.2/bin/L1_07conv.SAF at index 2
#
# END SIGNAL LIST
#
#
# BEGIN PARAMETERS
#
# Version 0: all files generated with releases before 20170901 (default for input)
PARAMETERS_VERSION=1
# TYPEs:
#   - Signal: from the start or to the end of signal (TEXT are useless)
#   - Delta: a fixed duration counted from the start or the end (e.g. TEXT=1h).
#   - Pick: from or to a time pick (TEXT=time pick name).
#   - Absolute: from or to a fixed time (e.g. TEXT=20170314115338.00)
FROM_TIME_TYPE=Signal
FROM_TIME_TEXT=0s
# TYPEs: Signal, Delta, Absolute
TO_TIME_TYPE=Signal
TO_TIME_TEXT=0s
REFERENCE=
COMMON_TIME_WINDOWS=false
# TYPEs: Exactly, AtLeast, FrequencyDependent
WINDOW_LENGTH_TYPE=Exactly
WINDOW_MIN_LENGTH(s)=30
WINDOW_MAX_LENGTH(s)=30
WINDOW_MAX_COUNT=0
# Length of time windows are adjusted to avoid a prime number of samples which
# slows down the FFT computation. Usually a maximum prime of 11 in the prime factorization
# of the number of samples is a good compromise between the speed and the lenght inaccuracy
# Leave as zero to allow any prime number factorization.
WINDOW_MAXIMUM_PRIME_FACTOR=11
BAD_SAMPLE_TOLERANCE (s)=0
BAD_SAMPLE_GAP (s)=0
WINDOW_OVERLAP (%)=5
# TYPEs: NoSampleThreshold, RelativeSampleThreshold, AbsoluteSampleThreshold
BAD_SAMPLE_THRESHOLD_TYPE=NoSampleThreshold
ANTI-TRIGGERING_ON_RAW_SIGNAL (y/n)=y
USED_RAW_COMPONENTS=y, y, y
RAW_STA (s)=1
RAW_LTA (s)=30
RAW_MIN_SLTA=0.2
RAW_MAX_SLTA=2.5
ANTI-TRIGGERING_ON_FILTERED_SIGNAL (y/n)=n
# Start a time window for each seismic event available inside the time range.
SEISMIC_EVENT_TRIGGER (y/n)=n
SEISMIC_EVENT_DELAY (s)=-0.1
WINDOW_TYPE=Bartlett
WINDOW_REVERSED=n
SMOOTHING_METHOD=Function
SMOOTHING_WIDTH_TYPE=Log
SMOOTHING_WIDTH=0.2
# Describes the way values are summed: on a linear, log or inverse scale
SMOOTHING_SCALE_TYPE=Log
SMOOTHING_WINDOW_TYPE=KonnoOhmachi
SMOOTHING_WINDOW_REVERSED=n
MINIMUM_FREQUENCY=0.5
MAXIMUM_FREQUENCY=20
# Either 'Linear', 'Log' or 'Inverse'
SCALE_TYPE_FREQUENCY=Log
# Number of samples is either set to a fixed value ('Count') or through a step between samples ('Step')'
STEP_TYPE_FREQUENCY=Step
SAMPLES_NUMBER_FREQUENCY=152
# STEP=difference between two successive samples for 'linear' scales
# STEP=ratio between two successive samples for 'log' scales
# STEP=difference between two successive inverse samples for 'inverse' scales
STEP_FREQUENCY=1.02457
# Required when using short time windows when the number of frequency samples
# is higher than the number of points in the spectra.
OVER_SAMPLING_FACTOR=1
HIGH_PASS_FREQUENCY=0
# Possible values for HORIZONTAL_COMPONENTS: Squared, Energy, Azimuth, Geometric
HORIZONTAL_COMPONENTS=Squared
# HORIZONTAL_AZIMUTH is used only when HORIZONTAL_COMPONENTS==Azimuth
HORIZONTAL_AZIMUTH=0
# Used only for rotated output
ROTATION_STEP=5
# Frequency domain window rejection (Cox et al. (2020, GJI)
FREQUENCY_WINDOW_REJECTION_MINIMUM_FREQUENCY=0.0001
FREQUENCY_WINDOW_REJECTION_MAXIMUM_FREQUENCY=5000
FREQUENCY_WINDOW_REJECTION_STDDEV_FACTOR=2
FREQUENCY_WINDOW_REJECTION_MAXIMUM_ITERATIONS=50
#
# END PARAMETERS
#
#
# BEGIN WINDOWING LOG
#
Automatic windowing
#
# END WINDOWING LOG
#
#
# BEGIN WINDOW LIST
#
# Number= 37
# Start time 	 End Time 	 Window length
20230523091327.000000	20230523091357.000000	30
20230523091355.505000	20230523091425.505000	30
20230523091424.010000	20230523091454.010000	30
20230523091452.515000	20230523091522.515000	30
20230523091521.020000	20230523091551.020000	30
20230523091604.030000	20230523091634.030000	30
20230523091632.535000	20230523091702.535000	30
20230523091737.805000	20230523091807.805000	30
20230523091806.310000	20230523091836.310000	30
20230523091834.815000	20230523091904.815000	30
20230523091903.320000	20230523091933.320000	30
20230523091931.825000	20230523092001.825000	30
20230523092012.250000	20230523092042.250000	30
20230523092040.755000	20230523092110.755000	30
20230523092119.955000	20230523092149.955000	30
20230523092148.460000	20230523092218.460000	30
20230523092216.965000	20230523092246.965000	30
20230523092245.470000	20230523092315.470000	30
20230523092317.065000	20230523092347.065000	30
20230523092345.570000	20230523092415.570000	30
20230523092414.075000	20230523092444.075000	30
20230523092442.580000	20230523092512.580000	30
20230523092518.580000	20230523092548.580000	30
20230523092547.085000	20230523092617.085000	30
20230523092615.590000	20230523092645.590000	30
20230523092644.095000	20230523092714.095000	30
20230523092737.410000	20230523092807.410000	30
20230523092805.915000	20230523092835.915000	30
20230523092834.420000	20230523092904.420000	30
20230523092930.185000	20230523093000.185000	30
20230523092958.690000	20230523093028.690000	30
20230523093027.195000	20230523093057.195000	30
20230523093055.700000	20230523093125.700000	30
20230523093124.205000	20230523093154.205000	30
20230523093152.710000	20230523093222.710000	30
20230523093227.295000	20230523093257.295000	30
20230523093255.800000	20230523093325.800000	30
#
# END WINDOW LIST
#
